0 info it worked if it ends with ok
1 verbose cli [ '/usr/local/bin/node',
1 verbose cli   '/usr/local/bin/npm',
1 verbose cli   'install',
1 verbose cli   'logfmt',
1 verbose cli   '--save' ]
2 info using npm@1.2.21
3 info using node@v0.11.3-pre
4 verbose read json /Users/amy/fluent/schedule/right-now-at-fluent/package.json
5 warn package.json right-now-at-fluent@0.0.0 No repository field.
6 warn package.json right-now-at-fluent@0.0.0 No readme data.
7 verbose read json /Users/amy/fluent/schedule/right-now-at-fluent/node_modules/express/package.json
8 verbose read json /Users/amy/fluent/schedule/right-now-at-fluent/node_modules/ical/package.json
9 verbose read json /Users/amy/fluent/schedule/right-now-at-fluent/node_modules/moment/package.json
10 verbose read json /Users/amy/fluent/schedule/right-now-at-fluent/node_modules/mustache/package.json
11 verbose read json /Users/amy/fluent/schedule/right-now-at-fluent/node_modules/underscore/package.json
12 verbose from cache /Users/amy/fluent/schedule/right-now-at-fluent/package.json
13 verbose readDependencies using package.json deps
14 verbose cache add [ 'logfmt', null ]
15 verbose cache add name=undefined spec="logfmt" args=["logfmt",null]
16 verbose parsed url { protocol: null,
16 verbose parsed url   slashes: null,
16 verbose parsed url   auth: null,
16 verbose parsed url   host: null,
16 verbose parsed url   port: null,
16 verbose parsed url   hostname: null,
16 verbose parsed url   hash: null,
16 verbose parsed url   search: null,
16 verbose parsed url   query: null,
16 verbose parsed url   pathname: 'logfmt',
16 verbose parsed url   path: 'logfmt',
16 verbose parsed url   href: 'logfmt' }
17 silly lockFile d7e86a42-logfmt logfmt
18 verbose lock logfmt /Users/amy/.npm/d7e86a42-logfmt.lock
19 silly lockFile d7e86a42-logfmt logfmt
20 silly lockFile d7e86a42-logfmt logfmt
21 verbose addNamed [ 'logfmt', '' ]
22 verbose addNamed [ null, '' ]
23 silly lockFile 52bb2a69-logfmt logfmt@
24 verbose lock logfmt@ /Users/amy/.npm/52bb2a69-logfmt.lock
25 silly addNameRange { name: 'logfmt', range: '', hasData: false }
26 verbose url raw logfmt
27 verbose url resolving [ 'https://registry.npmjs.org/', './logfmt' ]
28 verbose url resolved https://registry.npmjs.org/logfmt
29 info trying registry request attempt 1 at 00:06:03
30 http GET https://registry.npmjs.org/logfmt
31 http 200 https://registry.npmjs.org/logfmt
32 silly registry.get cb [ 200,
32 silly registry.get   { date: 'Thu, 13 Mar 2014 07:06:04 GMT',
32 silly registry.get     server: 'CouchDB/1.5.0 (Erlang OTP/R14B04)',
32 silly registry.get     etag: '"8QUKJDW04QF047LDZD6UFAESY"',
32 silly registry.get     'content-type': 'application/json',
32 silly registry.get     via: '1.1 varnish',
32 silly registry.get     'cache-control': 'max-age=1',
32 silly registry.get     'content-length': '35078',
32 silly registry.get     'accept-ranges': 'bytes',
32 silly registry.get     age: '0',
32 silly registry.get     'x-served-by': 'cache-v41-ASH, cache-lax1428-LAX',
32 silly registry.get     'x-cache': 'MISS, MISS',
32 silly registry.get     'x-cache-hits': '0, 0',
32 silly registry.get     'x-timer': 'S1394694363.909283400,VS0,VS-306,VE-191,VE178',
32 silly registry.get     vary: 'Accept',
32 silly registry.get     'keep-alive': 'timeout=10, max=50',
32 silly registry.get     connection: 'Keep-Alive' } ]
33 silly addNameRange number 2 { name: 'logfmt', range: '', hasData: true }
34 silly addNameRange versions [ 'logfmt',
34 silly addNameRange   [ '0.1.0',
34 silly addNameRange     '0.2.0',
34 silly addNameRange     '0.3.0',
34 silly addNameRange     '0.3.1',
34 silly addNameRange     '0.4.0',
34 silly addNameRange     '0.5.0',
34 silly addNameRange     '0.5.1',
34 silly addNameRange     '0.6.0',
34 silly addNameRange     '0.9.0',
34 silly addNameRange     '0.9.1',
34 silly addNameRange     '0.9.2',
34 silly addNameRange     '0.10.0',
34 silly addNameRange     '0.11.0',
34 silly addNameRange     '0.11.1',
34 silly addNameRange     '0.12.0',
34 silly addNameRange     '0.13.0',
34 silly addNameRange     '0.13.1',
34 silly addNameRange     '0.14.0',
34 silly addNameRange     '0.14.1',
34 silly addNameRange     '0.15.0',
34 silly addNameRange     '0.16.0',
34 silly addNameRange     '0.17.0',
34 silly addNameRange     '0.18.0',
34 silly addNameRange     '0.18.1',
34 silly addNameRange     '0.19.0',
34 silly addNameRange     '0.20.0',
34 silly addNameRange     '0.21.0' ] ]
35 verbose addNamed [ 'logfmt', '0.21.0' ]
36 verbose addNamed [ '0.21.0', '0.21.0' ]
37 silly lockFile eb88214f-logfmt-0-21-0 logfmt@0.21.0
38 verbose lock logfmt@0.21.0 /Users/amy/.npm/eb88214f-logfmt-0-21-0.lock
39 silly lockFile 7301fd3a-mjs-org-logfmt-logfmt-0-21-0-tgz https://registry.npmjs.org/logfmt/-/logfmt-0.21.0.tgz
40 verbose lock https://registry.npmjs.org/logfmt/-/logfmt-0.21.0.tgz /Users/amy/.npm/7301fd3a-mjs-org-logfmt-logfmt-0-21-0-tgz.lock
41 verbose addRemoteTarball [ 'https://registry.npmjs.org/logfmt/-/logfmt-0.21.0.tgz',
41 verbose addRemoteTarball   '3e75c1d4da7dd91f291a3fdbfbd360f78a25f274' ]
42 info retry fetch attempt 1 at 00:06:04
43 verbose fetch to= /var/folders/vl/m71c65jn6jbf45pjv9w55p7w0000gn/T/npm-13343/1394694364322-0.18542462098412216/tmp.tgz
44 http GET https://registry.npmjs.org/logfmt/-/logfmt-0.21.0.tgz
45 http 200 https://registry.npmjs.org/logfmt/-/logfmt-0.21.0.tgz
46 verbose tar unpack /var/folders/vl/m71c65jn6jbf45pjv9w55p7w0000gn/T/npm-13343/1394694364322-0.18542462098412216/tmp.tgz
47 silly lockFile 75362539-4322-0-18542462098412216-package /var/folders/vl/m71c65jn6jbf45pjv9w55p7w0000gn/T/npm-13343/1394694364322-0.18542462098412216/package
48 verbose lock /var/folders/vl/m71c65jn6jbf45pjv9w55p7w0000gn/T/npm-13343/1394694364322-0.18542462098412216/package /Users/amy/.npm/75362539-4322-0-18542462098412216-package.lock
49 silly lockFile e68e7290-4322-0-18542462098412216-tmp-tgz /var/folders/vl/m71c65jn6jbf45pjv9w55p7w0000gn/T/npm-13343/1394694364322-0.18542462098412216/tmp.tgz
50 verbose lock /var/folders/vl/m71c65jn6jbf45pjv9w55p7w0000gn/T/npm-13343/1394694364322-0.18542462098412216/tmp.tgz /Users/amy/.npm/e68e7290-4322-0-18542462098412216-tmp-tgz.lock
51 silly gunzTarPerm modes [ '755', '644' ]
52 silly gunzTarPerm extractEntry package.json
53 silly gunzTarPerm extractEntry .npmignore
54 silly gunzTarPerm extractEntry README.md
55 silly gunzTarPerm extractEntry logfmt.js
56 silly gunzTarPerm extractEntry .travis.yml
57 silly gunzTarPerm extractEntry bin/logfmt
58 silly gunzTarPerm extractEntry examples/express_buffered.js
59 silly gunzTarPerm extractEntry examples/express_pipe.js
60 silly gunzTarPerm extractEntry examples/express_pipe_to_stdout.js
61 silly gunzTarPerm extractEntry examples/express_readable.js
62 silly gunzTarPerm extractEntry examples/timed_log.js
63 silly gunzTarPerm extractEntry examples/https.js
64 silly gunzTarPerm extractEntry examples/restify_pipe_to_stdout.js
65 silly gunzTarPerm extractEntry examples/post_to_express.js
66 silly gunzTarPerm extractEntry examples/restify_buffered.js
67 silly gunzTarPerm extractEntry examples/express_mime.js
68 silly gunzTarPerm extractEntry examples/two_streams.js
69 silly gunzTarPerm extractEntry examples/post_via_curl
70 silly gunzTarPerm extractEntry examples/post_form
71 silly gunzTarPerm extractEntry examples/speed.sh
72 silly gunzTarPerm extractEntry examples/test_cmd_line
73 silly gunzTarPerm extractEntry examples/test_express
74 silly gunzTarPerm extractEntry examples/test_express_readable
75 silly gunzTarPerm extractEntry examples/test_log
76 silly gunzTarPerm extractEntry examples/file
77 silly gunzTarPerm extractEntry examples/quick.sh
78 silly gunzTarPerm extractEntry lib/body_parser.js
79 silly gunzTarPerm extractEntry lib/body_parser_stream.js
80 silly gunzTarPerm extractEntry lib/logfmt_parser.js
81 silly gunzTarPerm extractEntry lib/logger.js
82 silly gunzTarPerm extractEntry lib/request_logger.js
83 silly gunzTarPerm extractEntry test/body_parser_stream_test.js
84 silly gunzTarPerm extractEntry test/error_tests.js
85 silly gunzTarPerm extractEntry test/log_time.js
86 silly gunzTarPerm extractEntry test/logging_tests.js
87 silly gunzTarPerm extractEntry test/request_logger_test.js
88 silly gunzTarPerm extractEntry test/body_parser_test.js
89 silly gunzTarPerm extractEntry test/namespace_time.js
90 silly gunzTarPerm extractEntry test/new_logfmt.js
91 silly gunzTarPerm extractEntry test/outstream.js
92 silly gunzTarPerm extractEntry test/parser_tests.js
93 silly gunzTarPerm extractEntry test/roundtrip_tests.js
94 silly gunzTarPerm extractEntry test/namespace_test.js
95 silly gunzTarPerm extractEntry test/mocha.opts
96 verbose read json /var/folders/vl/m71c65jn6jbf45pjv9w55p7w0000gn/T/npm-13343/1394694364322-0.18542462098412216/package/package.json
97 silly lockFile 75362539-4322-0-18542462098412216-package /var/folders/vl/m71c65jn6jbf45pjv9w55p7w0000gn/T/npm-13343/1394694364322-0.18542462098412216/package
98 silly lockFile 75362539-4322-0-18542462098412216-package /var/folders/vl/m71c65jn6jbf45pjv9w55p7w0000gn/T/npm-13343/1394694364322-0.18542462098412216/package
99 silly lockFile e68e7290-4322-0-18542462098412216-tmp-tgz /var/folders/vl/m71c65jn6jbf45pjv9w55p7w0000gn/T/npm-13343/1394694364322-0.18542462098412216/tmp.tgz
100 silly lockFile e68e7290-4322-0-18542462098412216-tmp-tgz /var/folders/vl/m71c65jn6jbf45pjv9w55p7w0000gn/T/npm-13343/1394694364322-0.18542462098412216/tmp.tgz
101 verbose from cache /var/folders/vl/m71c65jn6jbf45pjv9w55p7w0000gn/T/npm-13343/1394694364322-0.18542462098412216/package/package.json
102 verbose tar pack [ '/Users/amy/.npm/logfmt/0.21.0/package.tgz',
102 verbose tar pack   '/var/folders/vl/m71c65jn6jbf45pjv9w55p7w0000gn/T/npm-13343/1394694364322-0.18542462098412216/package' ]
103 verbose tarball /Users/amy/.npm/logfmt/0.21.0/package.tgz
104 verbose folder /var/folders/vl/m71c65jn6jbf45pjv9w55p7w0000gn/T/npm-13343/1394694364322-0.18542462098412216/package
105 silly lockFile 75362539-4322-0-18542462098412216-package /var/folders/vl/m71c65jn6jbf45pjv9w55p7w0000gn/T/npm-13343/1394694364322-0.18542462098412216/package
106 verbose lock /var/folders/vl/m71c65jn6jbf45pjv9w55p7w0000gn/T/npm-13343/1394694364322-0.18542462098412216/package /Users/amy/.npm/75362539-4322-0-18542462098412216-package.lock
107 silly lockFile 9df60ce4-my-npm-logfmt-0-21-0-package-tgz /Users/amy/.npm/logfmt/0.21.0/package.tgz
108 verbose lock /Users/amy/.npm/logfmt/0.21.0/package.tgz /Users/amy/.npm/9df60ce4-my-npm-logfmt-0-21-0-package-tgz.lock
109 silly lockFile 75362539-4322-0-18542462098412216-package /var/folders/vl/m71c65jn6jbf45pjv9w55p7w0000gn/T/npm-13343/1394694364322-0.18542462098412216/package
110 silly lockFile 75362539-4322-0-18542462098412216-package /var/folders/vl/m71c65jn6jbf45pjv9w55p7w0000gn/T/npm-13343/1394694364322-0.18542462098412216/package
111 silly lockFile 9df60ce4-my-npm-logfmt-0-21-0-package-tgz /Users/amy/.npm/logfmt/0.21.0/package.tgz
112 silly lockFile 9df60ce4-my-npm-logfmt-0-21-0-package-tgz /Users/amy/.npm/logfmt/0.21.0/package.tgz
113 silly lockFile 6a61eda8-rs-amy-npm-logfmt-0-21-0-package /Users/amy/.npm/logfmt/0.21.0/package
114 verbose lock /Users/amy/.npm/logfmt/0.21.0/package /Users/amy/.npm/6a61eda8-rs-amy-npm-logfmt-0-21-0-package.lock
115 silly lockFile 6a61eda8-rs-amy-npm-logfmt-0-21-0-package /Users/amy/.npm/logfmt/0.21.0/package
116 silly lockFile 6a61eda8-rs-amy-npm-logfmt-0-21-0-package /Users/amy/.npm/logfmt/0.21.0/package
117 verbose tar unpack /Users/amy/.npm/logfmt/0.21.0/package.tgz
118 silly lockFile 6a61eda8-rs-amy-npm-logfmt-0-21-0-package /Users/amy/.npm/logfmt/0.21.0/package
119 verbose lock /Users/amy/.npm/logfmt/0.21.0/package /Users/amy/.npm/6a61eda8-rs-amy-npm-logfmt-0-21-0-package.lock
120 silly lockFile 9df60ce4-my-npm-logfmt-0-21-0-package-tgz /Users/amy/.npm/logfmt/0.21.0/package.tgz
121 verbose lock /Users/amy/.npm/logfmt/0.21.0/package.tgz /Users/amy/.npm/9df60ce4-my-npm-logfmt-0-21-0-package-tgz.lock
122 silly gunzTarPerm modes [ '755', '644' ]
123 silly gunzTarPerm extractEntry package.json
124 silly gunzTarPerm extractEntry .npmignore
125 silly gunzTarPerm extractEntry README.md
126 silly gunzTarPerm extractEntry logfmt.js
127 silly gunzTarPerm extractEntry .travis.yml
128 silly gunzTarPerm extractEntry bin/logfmt
129 silly gunzTarPerm extractEntry examples/express_buffered.js
130 silly gunzTarPerm extractEntry examples/express_pipe.js
131 silly gunzTarPerm extractEntry examples/express_pipe_to_stdout.js
132 silly gunzTarPerm extractEntry examples/express_readable.js
133 silly gunzTarPerm extractEntry examples/timed_log.js
134 silly gunzTarPerm extractEntry examples/https.js
135 silly gunzTarPerm extractEntry examples/restify_pipe_to_stdout.js
136 silly gunzTarPerm extractEntry examples/post_to_express.js
137 silly gunzTarPerm extractEntry examples/restify_buffered.js
138 silly gunzTarPerm extractEntry examples/express_mime.js
139 silly gunzTarPerm extractEntry examples/two_streams.js
140 silly gunzTarPerm extractEntry examples/post_via_curl
141 silly gunzTarPerm extractEntry examples/post_form
142 silly gunzTarPerm extractEntry examples/speed.sh
143 silly gunzTarPerm extractEntry examples/test_cmd_line
144 silly gunzTarPerm extractEntry examples/test_express
145 silly gunzTarPerm extractEntry examples/test_express_readable
146 silly gunzTarPerm extractEntry examples/test_log
147 silly gunzTarPerm extractEntry examples/file
148 silly gunzTarPerm extractEntry examples/quick.sh
149 silly gunzTarPerm extractEntry lib/body_parser.js
150 silly gunzTarPerm extractEntry lib/body_parser_stream.js
151 silly gunzTarPerm extractEntry lib/logfmt_parser.js
152 silly gunzTarPerm extractEntry lib/logger.js
153 silly gunzTarPerm extractEntry lib/request_logger.js
154 silly gunzTarPerm extractEntry test/body_parser_stream_test.js
155 silly gunzTarPerm extractEntry test/error_tests.js
156 silly gunzTarPerm extractEntry test/log_time.js
157 silly gunzTarPerm extractEntry test/logging_tests.js
158 silly gunzTarPerm extractEntry test/request_logger_test.js
159 silly gunzTarPerm extractEntry test/body_parser_test.js
160 silly gunzTarPerm extractEntry test/namespace_time.js
161 silly gunzTarPerm extractEntry test/new_logfmt.js
162 silly gunzTarPerm extractEntry test/outstream.js
163 silly gunzTarPerm extractEntry test/parser_tests.js
164 silly gunzTarPerm extractEntry test/roundtrip_tests.js
165 silly gunzTarPerm extractEntry test/namespace_test.js
166 silly gunzTarPerm extractEntry test/mocha.opts
167 verbose read json /Users/amy/.npm/logfmt/0.21.0/package/package.json
168 silly lockFile 6a61eda8-rs-amy-npm-logfmt-0-21-0-package /Users/amy/.npm/logfmt/0.21.0/package
169 silly lockFile 6a61eda8-rs-amy-npm-logfmt-0-21-0-package /Users/amy/.npm/logfmt/0.21.0/package
170 silly lockFile 9df60ce4-my-npm-logfmt-0-21-0-package-tgz /Users/amy/.npm/logfmt/0.21.0/package.tgz
171 silly lockFile 9df60ce4-my-npm-logfmt-0-21-0-package-tgz /Users/amy/.npm/logfmt/0.21.0/package.tgz
172 verbose from cache /Users/amy/.npm/logfmt/0.21.0/package/package.json
173 verbose chmod /Users/amy/.npm/logfmt/0.21.0/package.tgz 644
174 verbose chown /Users/amy/.npm/logfmt/0.21.0/package.tgz [ 501, 20 ]
175 silly lockFile 7301fd3a-mjs-org-logfmt-logfmt-0-21-0-tgz https://registry.npmjs.org/logfmt/-/logfmt-0.21.0.tgz
176 silly lockFile 7301fd3a-mjs-org-logfmt-logfmt-0-21-0-tgz https://registry.npmjs.org/logfmt/-/logfmt-0.21.0.tgz
177 silly lockFile eb88214f-logfmt-0-21-0 logfmt@0.21.0
178 silly lockFile eb88214f-logfmt-0-21-0 logfmt@0.21.0
179 silly lockFile 52bb2a69-logfmt logfmt@
180 silly lockFile 52bb2a69-logfmt logfmt@
181 silly resolved [ { name: 'logfmt',
181 silly resolved     version: '0.21.0',
181 silly resolved     description: 'key=value logger and parser',
181 silly resolved     main: 'logfmt.js',
181 silly resolved     scripts: { test: 'mocha' },
181 silly resolved     bin: { logfmt: './bin/logfmt' },
181 silly resolved     dependencies: { split: '0.2.x', through: '2.3.x' },
181 silly resolved     devDependencies: { express: '3.3.x', mocha: '*', restify: '*' },
181 silly resolved     repository: { type: 'git', url: 'https://github.com/csquared/node-logfmt' },
181 silly resolved     keywords: [ 'log', 'parser', 'logfmt' ],
181 silly resolved     author: { name: 'csquared' },
181 silly resolved     license: 'MIT',
181 silly resolved     readme: '# node-logfmt\n\n[![Build Status](https://travis-ci.org/csquared/node-logfmt.png)](https://travis-ci.org/csquared/node-logfmt)\n\n\n"logfmt" is the name for a [key value logging convention](https://github.com/kr/logfmt) we\'ve adopted at Heroku.\n\nThis library is for both converting lines in logfmt format to objects and\nfor logging objects to a stream in logfmt format.\nIt provides a logfmt parser, a logging facility,\nand both streaming and non-streaming body parsers for express.\n\nYou should use this library if you\'re trying to write structured logs or\nif you\'re consuming them (especially if you\'re writing a logplex drain).\n\n## install\n\n    npm install logfmt\n\n# use\n\n```javascript\nvar logfmt = require(\'logfmt\');\n```\n\n## parser\n\n### `logfmt.parse(string)`\n\n```javascript\nvar logfmt = require(\'logfmt\');\n\nlogfmt.parse("foo=bar a=14 baz=\\"hello kitty\\" cool%story=bro f %^asdf code=H12")\n//=>{ "foo": "bar", "a": \'14\', "baz": "hello kitty", "cool%story": "bro", "f": true, "%^asdf": true, "code" : "H12" }\n```\n\nThe only conversions are from the strings `true` and `false` to their proper boolean counterparts.\nWe cannot arbitrarily convert numbers because we will drop precision for numbers that require more than 32 bits to represent them.\n\n## logging\n\n### `logfmt.log(object, [stream])`\n\nDefaults to logging to `process.stdout`\n\n```javascript\nvar logfmt = require(\'logfmt\');\nlogfmt.log({ "foo": "bar", "a": 14, baz: \'hello kitty\'})\n//=> foo=bar a=14 baz="hello kitty"\n```\n\nYou can have multiple, isolated logfmts by using `new`.\n\n```javascript\nvar logfmt = require(\'logfmt\');\nvar errorLogger = new logfmt;\nerrorLogger.stream = process.stderr\n\nlogfmt.log({hello: \'stdout\'});\n//=> hello=stdout\n\nerrorLogger.log({hello: \'stderr\'});\n//=> hello=stderr\n```\n\n### `logfmt.namespace(object)`\n\nReturns a new `logfmt` with object\'s data included in every `log` call.\n\n```javascript\nvar logfmt = require(\'logfmt\').namespace({app: \'logfmt\'});\n\nlogfmt.log({ "foo": "bar", "a": 14, baz: \'hello kitty\'})\n//=> app=logfmt foo=bar a=14 baz="hello kitty"\n\nlogfmt.log({})\n//=> app=logfmt\n\nlogfmt.log({hello: \'world\'})\n//=> app=logfmt hello=world\n```\n\n### `logfmt.time([label], [data], [callback(logger)])`\n\n#### `logger.log([data], [stream])`\n\nLog how long something takes.\n\n- `label`: optional name for the milliseconds key (defaults to `elapsed`)\n- `data`: optional extra data to include with every call to `logger.log`\n- `logger`: object passed to callback with a `log` function\n\nNo args defaults to `elapsed=<milliseconds>ms`\n\n```javascript\nlogfmt.time(function(logger){\n  logger.log();\n})\n//=> elapsed=1ms\n```\n\nIf you don\'t pass in callback you get the logger returned.\n```javascript\nvar logger = logfmt.time();\nlogger.log();\n//=> elapsed=1ms\n```\n\nString `label` changes the key to `<string>=<milliseconds>ms`\n\n```javascript\nlogfmt.time(\'time\', function(logger){\n  logger.log();\n  logger.log();\n})\n//=> time=1ms\n//=> time=2ms\n```\n\nData can be passed to `logger.log`\n\n```javascript\nlogfmt.time(function(logger){\n  logger.log({foo: \'bar\'});\n})\n//=> foo=bar elapsed=1ms\n```\n\nData can also be passed to `logfmt.time` and will persist\nacross calls to `logger.log`\n\n```javascript\nlogfmt.time(\'thing\', {foo: \'bar\'}, function(logger){\n  logger.log({at: \'function.start\'});\n  logger.log({at: \'function.end\'});\n})\n//=> at=function.start foo=bar thing=1ms\n//=> at=function.end foo=bar thing=2ms\n```\n\nYou do not need a `label` to pass data to `logfmt.time`\n\n```javascript\nlogfmt.time({foo: \'bar\'}, function(logger){\n  logger.log({at: \'function\'});\n})\n//=> at=function foo=bar elapsed=1ms\n```\n\n`time` works with `namespace` as expected\n\n```javascript\nvar logfmt = require(\'logfmt\').namespace({app: \'logfmt\'})\n\nlogfmt.time({foo: \'bar\'}, function(logger){\n  logger.log({at: \'function\'});\n})\n//=> app=logfmt at=function foo=bar elapsed=1ms\n```\n\n### customizing logging location\n\n`logfmt.log()` and `logger.log()` Accepts as 2nd argument anything that responds to `write(string)`\n```javascript\nvar logfmt = require(\'logfmt\');\nlogfmt.log({ "foo": "bar", "a": 14, baz: \'hello kitty\'}, process.stderr)\n//=> foo=bar a=14 baz="hello kitty"\n```\n\nOverwrite the default global location by setting `logfmt.stream`\n```javascript\nvar logfmt = require(\'logfmt\');\nlogfmt.stream = process.stderr\n\nlogfmt.log({ "foo": "bar", "a": 14, baz: \'hello kitty\'})\n//=> foo=bar a=14 baz="hello kitty"\n```\n\n### logging errors\n\n`logfmt.error()` Accepts a Javascript `Error` object and converts it to logfmt format\n```javascript\nvar logfmt = require(\'logfmmt\');\nlogfmt.error(new Error(\'test error\'));\n//=> at=error id=12345 message="test error"\n//=> at=error id=12345 line=0 trace="Error: test error"\n//=> ...\n```\n\n## express/restify logging middleware\n\n```javascript\napp.use(logfmt.requestLogger());\n//=> ip=127.0.0.1 time=2013-08-05T20:50:19.216Z method=POST path=/logs status=200 content_length=337 content_type=application/logplex-1 elapsed=4ms\n```\n\n#### `logfmt.requestLogger([options], [formatter(req, res)])`\n\nIf no formatter is supplied it will default to `logfmt.requestLogger.commonFormatter` which is based\non having similiar fields to the Apache Common Log format.\n\nValid Options:\n\n- `immediate`: log before call to `next()` (ie: before the request finishes)\n- `elapsed`: renames the `elapsed` key to a key of your choice when in\n             non-immediate mode\n\nDefaults to `immediate: true` and `elapsed: \'elapsed\'`\n\n```javascript\napp.use(logfmt.requestLogger({immediate: true}, function(req, res){\n  return {\n    method: req.method\n  }\n}));\n//=> method=POST\n```\n\n```javascript\napp.use(logfmt.requestLogger({elapsed: \'request.time\'}, function(req, res){\n  return {\n    "request.method": req.method\n  }\n}));\n//=> request.method=POST request.time=12ms\n```\n\n##### `formatter(req, res)`\n\nA formatter takes the request and response and returns a JSON object for `logfmt.log`\n\n```javascript\napp.use(logfmt.requestLogger(function(req, res){\n  return {\n    method: req.method\n  }\n}));\n//=> method=POST elapsed=4ms\n```\n\nIt\'s always possible to piggyback on top of the `commonFormatter`\n\n```javascript\napp.use(logfmt.requestLogger(function(req, res){\n  var data = logfmt.requestLogger.commonFormatter(req, res)\n  return {\n    ip: data.ip,\n    time: data.time,\n    foo: \'bar\'\n  };\n}));\n//=> ip=127.0.0.1 time=2013-08-05T20:50:19.216Z foo=bar elapsed=4ms\n```\n\n## express/restify parsing middleware\n\n```javascript\n  // streaming\n  app.use(logfmt.bodyParserStream());\n  // buffering\n  app.use(logfmt.bodyParser());\n```\n\n### Streaming\n\n#### `logfmt.bodyParserStream([opts])`\n\nValid Options:\n\n- `contentType`: defaults to `application/logplex-1`\n\nIf you use the `logfmt.bodyParserStream()` for a body parser,\nyou will have a `req.body` that is a readable stream.\n\nPipes FTW:\n\n```javascript\nvar app    = require(\'express\')();\nvar http   = require(\'http\');\nvar through = require(\'through\');\nvar logfmt  = require(\'logfmt\');\n\napp.use(logfmt.bodyParserStream());\n\napp.post(\'/logs\', function(req, res){\n  if(!req.body) return res.send(\'OK\');\n\n  req.body.pipe(through(function(line){\n    console.dir(line);\n  }))\n\n  res.send(\'OK\');\n})\n\nhttp.createServer(app).listen(3000);\n```\n\nOr you can just use the `readable` event:\n\n```javascript\nvar app    = require(\'express\')();\nvar http   = require(\'http\');\nvar logfmt  = require(\'logfmt\');\n\napp.use(logfmt.bodyParserStream());\n\n// req.body is now a Readable Stream\napp.post(\'/logs\', function(req, res){\n  req.body.on(\'readable\', function(){\n    var parsedLine = req.body.read();\n    if(parsedLine) console.log(parsedLine);\n    else res.send(\'OK\');\n  })\n})\n\nhttp.createServer(app).listen(3000);\n```\n\n### Non-Streaming\n\n#### `logfmt.bodyParser([opts])`\n\nValid Options:\n\n- `contentType`: defaults to `application/logplex-1`\n\nIf you use the `logfmt.bodyParser()` for a body parser,\nyou will have a `req.body` that is an array of objects.\n\n```javascript\nvar logfmt   = require(\'logfmt\');\n\napp.use(logfmt.bodyParser());\n\n// req.body is now an array of objects\napp.post(\'/logs\', function(req, res){\n\n  console.log(\'BODY: \' + JSON.stringify(req.body));\n\n  req.body.forEach(function(data){\n    console.log(data);\n  });\n\n  res.send(\'OK\');\n})\n\nhttp.createServer(app).listen(3000);\n```\n\ntest it:\n\n```bash\ncurl -X POST --header \'Content-Type: application/logplex-1\' -d "foo=bar a=14 baz=\\"hello kitty\\" cool%story=bro f %^asdf" http://localhost:3000/logs\n```\n\n## command line\n\n### logfmt\n\naccepts lines on STDIN and converts them to json\n\n\n    > echo "foo=bar a=14 baz=\\"hello kitty\\" cool%story=bro f %^asdf" | logfmt\n    { "foo": "bar", "a": 14, "baz": "hello kitty", "cool%story": "bro", "f": true, "%^asdf": true }\n\n### logfmt -r (reverse)\n\naccepts JSON on STDIN and converts them to logfmt\n\n    > echo \'{ "foo": "bar", "a": 14, "baz": "hello kitty", "cool%story": "bro", "f": true, "%^asdf": true }\' | logfmt -r\n    foo=bar a=14 baz="hello kitty" cool%story=bro f=true %^asdf=true\n\n    > echo "foo=bar a=14 baz=\\"hello kitty\\" cool%story=bro f %^asdf" | logfmt | logfmt -r | logfmt\n    { "foo": "bar", "a": 14, "baz": "hello kitty", "cool%story": "bro", "f": true, "%^asdf": true }\n',
181 silly resolved     readmeFilename: 'README.md',
181 silly resolved     bugs: { url: 'https://github.com/csquared/node-logfmt/issues' },
181 silly resolved     _id: 'logfmt@0.21.0',
181 silly resolved     dist: { shasum: '3e75c1d4da7dd91f291a3fdbfbd360f78a25f274' },
181 silly resolved     _from: 'logfmt@',
181 silly resolved     _resolved: 'https://registry.npmjs.org/logfmt/-/logfmt-0.21.0.tgz' } ]
182 info install logfmt@0.21.0 into /Users/amy/fluent/schedule/right-now-at-fluent
183 info installOne logfmt@0.21.0
184 verbose from cache /Users/amy/.npm/logfmt/0.21.0/package/package.json
185 info /Users/amy/fluent/schedule/right-now-at-fluent/node_modules/logfmt unbuild
186 verbose read json /Users/amy/fluent/schedule/right-now-at-fluent/node_modules/logfmt/package.json
187 verbose tar unpack /Users/amy/.npm/logfmt/0.21.0/package.tgz
188 silly lockFile b321e620-ow-at-fluent-node-modules-logfmt /Users/amy/fluent/schedule/right-now-at-fluent/node_modules/logfmt
189 verbose lock /Users/amy/fluent/schedule/right-now-at-fluent/node_modules/logfmt /Users/amy/.npm/b321e620-ow-at-fluent-node-modules-logfmt.lock
190 silly lockFile 9df60ce4-my-npm-logfmt-0-21-0-package-tgz /Users/amy/.npm/logfmt/0.21.0/package.tgz
191 verbose lock /Users/amy/.npm/logfmt/0.21.0/package.tgz /Users/amy/.npm/9df60ce4-my-npm-logfmt-0-21-0-package-tgz.lock
192 silly gunzTarPerm modes [ '755', '644' ]
193 silly gunzTarPerm extractEntry package.json
194 silly gunzTarPerm extractEntry .npmignore
195 silly gunzTarPerm extractEntry README.md
196 silly gunzTarPerm extractEntry logfmt.js
197 silly gunzTarPerm extractEntry .travis.yml
198 silly gunzTarPerm extractEntry bin/logfmt
199 silly gunzTarPerm extractEntry examples/express_buffered.js
200 silly gunzTarPerm extractEntry examples/express_pipe.js
201 silly gunzTarPerm extractEntry examples/express_pipe_to_stdout.js
202 silly gunzTarPerm extractEntry examples/express_readable.js
203 silly gunzTarPerm extractEntry examples/timed_log.js
204 silly gunzTarPerm extractEntry examples/https.js
205 silly gunzTarPerm extractEntry examples/restify_pipe_to_stdout.js
206 silly gunzTarPerm extractEntry examples/post_to_express.js
207 silly gunzTarPerm extractEntry examples/restify_buffered.js
208 silly gunzTarPerm extractEntry examples/express_mime.js
209 silly gunzTarPerm extractEntry examples/two_streams.js
210 silly gunzTarPerm extractEntry examples/post_via_curl
211 silly gunzTarPerm extractEntry examples/post_form
212 silly gunzTarPerm extractEntry examples/speed.sh
213 silly gunzTarPerm extractEntry examples/test_cmd_line
214 silly gunzTarPerm extractEntry examples/test_express
215 silly gunzTarPerm extractEntry examples/test_express_readable
216 silly gunzTarPerm extractEntry examples/test_log
217 silly gunzTarPerm extractEntry examples/file
218 silly gunzTarPerm extractEntry examples/quick.sh
219 silly gunzTarPerm extractEntry lib/body_parser.js
220 silly gunzTarPerm extractEntry lib/body_parser_stream.js
221 silly gunzTarPerm extractEntry lib/logfmt_parser.js
222 silly gunzTarPerm extractEntry lib/logger.js
223 silly gunzTarPerm extractEntry lib/request_logger.js
224 silly gunzTarPerm extractEntry test/body_parser_stream_test.js
225 silly gunzTarPerm extractEntry test/error_tests.js
226 silly gunzTarPerm extractEntry test/log_time.js
227 silly gunzTarPerm extractEntry test/logging_tests.js
228 silly gunzTarPerm extractEntry test/request_logger_test.js
229 silly gunzTarPerm extractEntry test/body_parser_test.js
230 silly gunzTarPerm extractEntry test/namespace_time.js
231 silly gunzTarPerm extractEntry test/new_logfmt.js
232 silly gunzTarPerm extractEntry test/outstream.js
233 silly gunzTarPerm extractEntry test/parser_tests.js
234 silly gunzTarPerm extractEntry test/roundtrip_tests.js
235 silly gunzTarPerm extractEntry test/namespace_test.js
236 silly gunzTarPerm extractEntry test/mocha.opts
237 verbose read json /Users/amy/fluent/schedule/right-now-at-fluent/node_modules/logfmt/package.json
238 silly lockFile b321e620-ow-at-fluent-node-modules-logfmt /Users/amy/fluent/schedule/right-now-at-fluent/node_modules/logfmt
239 silly lockFile b321e620-ow-at-fluent-node-modules-logfmt /Users/amy/fluent/schedule/right-now-at-fluent/node_modules/logfmt
240 silly lockFile 9df60ce4-my-npm-logfmt-0-21-0-package-tgz /Users/amy/.npm/logfmt/0.21.0/package.tgz
241 silly lockFile 9df60ce4-my-npm-logfmt-0-21-0-package-tgz /Users/amy/.npm/logfmt/0.21.0/package.tgz
242 info preinstall logfmt@0.21.0
243 verbose from cache /Users/amy/fluent/schedule/right-now-at-fluent/node_modules/logfmt/package.json
244 verbose readDependencies using package.json deps
245 verbose from cache /Users/amy/fluent/schedule/right-now-at-fluent/node_modules/logfmt/package.json
246 verbose readDependencies using package.json deps
247 verbose cache add [ 'split@0.2.x', null ]
248 verbose cache add name=undefined spec="split@0.2.x" args=["split@0.2.x",null]
249 verbose parsed url { protocol: null,
249 verbose parsed url   slashes: null,
249 verbose parsed url   auth: null,
249 verbose parsed url   host: null,
249 verbose parsed url   port: null,
249 verbose parsed url   hostname: null,
249 verbose parsed url   hash: null,
249 verbose parsed url   search: null,
249 verbose parsed url   query: null,
249 verbose parsed url   pathname: 'split@0.2.x',
249 verbose parsed url   path: 'split@0.2.x',
249 verbose parsed url   href: 'split@0.2.x' }
250 verbose cache add name="split" spec="0.2.x" args=["split","0.2.x"]
251 verbose parsed url { protocol: null,
251 verbose parsed url   slashes: null,
251 verbose parsed url   auth: null,
251 verbose parsed url   host: null,
251 verbose parsed url   port: null,
251 verbose parsed url   hostname: null,
251 verbose parsed url   hash: null,
251 verbose parsed url   search: null,
251 verbose parsed url   query: null,
251 verbose parsed url   pathname: '0.2.x',
251 verbose parsed url   path: '0.2.x',
251 verbose parsed url   href: '0.2.x' }
252 verbose addNamed [ 'split', '0.2.x' ]
253 verbose addNamed [ null, '>=0.2.0- <0.3.0-' ]
254 silly lockFile 1618e0b3-split-0-2-x split@0.2.x
255 verbose lock split@0.2.x /Users/amy/.npm/1618e0b3-split-0-2-x.lock
256 verbose cache add [ 'through@2.3.x', null ]
257 verbose cache add name=undefined spec="through@2.3.x" args=["through@2.3.x",null]
258 verbose parsed url { protocol: null,
258 verbose parsed url   slashes: null,
258 verbose parsed url   auth: null,
258 verbose parsed url   host: null,
258 verbose parsed url   port: null,
258 verbose parsed url   hostname: null,
258 verbose parsed url   hash: null,
258 verbose parsed url   search: null,
258 verbose parsed url   query: null,
258 verbose parsed url   pathname: 'through@2.3.x',
258 verbose parsed url   path: 'through@2.3.x',
258 verbose parsed url   href: 'through@2.3.x' }
259 verbose cache add name="through" spec="2.3.x" args=["through","2.3.x"]
260 verbose parsed url { protocol: null,
260 verbose parsed url   slashes: null,
260 verbose parsed url   auth: null,
260 verbose parsed url   host: null,
260 verbose parsed url   port: null,
260 verbose parsed url   hostname: null,
260 verbose parsed url   hash: null,
260 verbose parsed url   search: null,
260 verbose parsed url   query: null,
260 verbose parsed url   pathname: '2.3.x',
260 verbose parsed url   path: '2.3.x',
260 verbose parsed url   href: '2.3.x' }
261 verbose addNamed [ 'through', '2.3.x' ]
262 verbose addNamed [ null, '>=2.3.0- <2.4.0-' ]
263 silly lockFile 40db7b34-through-2-3-x through@2.3.x
264 verbose lock through@2.3.x /Users/amy/.npm/40db7b34-through-2-3-x.lock
265 silly addNameRange { name: 'split', range: '>=0.2.0- <0.3.0-', hasData: false }
266 silly addNameRange { name: 'through', range: '>=2.3.0- <2.4.0-', hasData: false }
267 verbose url raw split
268 verbose url resolving [ 'https://registry.npmjs.org/', './split' ]
269 verbose url resolved https://registry.npmjs.org/split
270 info trying registry request attempt 1 at 00:06:05
271 http GET https://registry.npmjs.org/split
272 verbose url raw through
273 verbose url resolving [ 'https://registry.npmjs.org/', './through' ]
274 verbose url resolved https://registry.npmjs.org/through
275 info trying registry request attempt 1 at 00:06:05
276 http GET https://registry.npmjs.org/through
277 http 200 https://registry.npmjs.org/split
278 silly registry.get cb [ 200,
278 silly registry.get   { date: 'Thu, 13 Mar 2014 07:06:05 GMT',
278 silly registry.get     server: 'CouchDB/1.5.0 (Erlang OTP/R14B04)',
278 silly registry.get     etag: '"A8HYAPGSI0QPDZSZKH41FC5T0"',
278 silly registry.get     'content-type': 'application/json',
278 silly registry.get     via: '1.1 varnish',
278 silly registry.get     'cache-control': 'max-age=1',
278 silly registry.get     'content-length': '16025',
278 silly registry.get     'accept-ranges': 'bytes',
278 silly registry.get     age: '112',
278 silly registry.get     'x-served-by': 'cache-v41-ASH, cache-lax1422-LAX',
278 silly registry.get     'x-cache': 'HIT, MISS',
278 silly registry.get     'x-cache-hits': '2, 0',
278 silly registry.get     'x-timer': 'S1394687437.161449671,VS0,VS-306,VE-306,VE6927924',
278 silly registry.get     vary: 'Accept',
278 silly registry.get     'keep-alive': 'timeout=10, max=50',
278 silly registry.get     connection: 'Keep-Alive' } ]
279 silly addNameRange number 2 { name: 'split', range: '>=0.2.0- <0.3.0-', hasData: true }
280 silly addNameRange versions [ 'split',
280 silly addNameRange   [ '0.0.0',
280 silly addNameRange     '0.1.0',
280 silly addNameRange     '0.1.1',
280 silly addNameRange     '0.1.2',
280 silly addNameRange     '0.2.0',
280 silly addNameRange     '0.2.1',
280 silly addNameRange     '0.2.3',
280 silly addNameRange     '0.2.4',
280 silly addNameRange     '0.2.5',
280 silly addNameRange     '0.2.6',
280 silly addNameRange     '0.2.7',
280 silly addNameRange     '0.2.8',
280 silly addNameRange     '0.2.9',
280 silly addNameRange     '0.2.10',
280 silly addNameRange     '0.3.0' ] ]
281 verbose addNamed [ 'split', '0.2.10' ]
282 verbose addNamed [ '0.2.10', '0.2.10' ]
283 silly lockFile 9296d6b5-split-0-2-10 split@0.2.10
284 verbose lock split@0.2.10 /Users/amy/.npm/9296d6b5-split-0-2-10.lock
285 silly lockFile 7fb4d2a6-npmjs-org-split-split-0-2-10-tgz https://registry.npmjs.org/split/-/split-0.2.10.tgz
286 verbose lock https://registry.npmjs.org/split/-/split-0.2.10.tgz /Users/amy/.npm/7fb4d2a6-npmjs-org-split-split-0-2-10-tgz.lock
287 verbose addRemoteTarball [ 'https://registry.npmjs.org/split/-/split-0.2.10.tgz',
287 verbose addRemoteTarball   '67097c601d697ce1368f418f06cd201cf0521a57' ]
288 info retry fetch attempt 1 at 00:06:05
289 verbose fetch to= /var/folders/vl/m71c65jn6jbf45pjv9w55p7w0000gn/T/npm-13343/1394694365291-0.25918223964981735/tmp.tgz
290 http GET https://registry.npmjs.org/split/-/split-0.2.10.tgz
291 http 200 https://registry.npmjs.org/through
292 silly registry.get cb [ 200,
292 silly registry.get   { date: 'Thu, 13 Mar 2014 07:06:05 GMT',
292 silly registry.get     server: 'CouchDB/1.5.0 (Erlang OTP/R16B)',
292 silly registry.get     etag: '"3U56P06V10Q55A81BD7J7G9I2"',
292 silly registry.get     'content-type': 'application/json',
292 silly registry.get     via: '1.1 varnish',
292 silly registry.get     'cache-control': 'max-age=1',
292 silly registry.get     'content-length': '24971',
292 silly registry.get     'accept-ranges': 'bytes',
292 silly registry.get     age: '820',
292 silly registry.get     'x-served-by': 'cache-v41-ASH, cache-lax1427-LAX',
292 silly registry.get     'x-cache': 'HIT, HIT',
292 silly registry.get     'x-cache-hits': '3, 1',
292 silly registry.get     'x-timer': 'S1394677950.707732201,VS0,VS-299,VE-299,VE16414437',
292 silly registry.get     vary: 'Accept',
292 silly registry.get     'keep-alive': 'timeout=10, max=50',
292 silly registry.get     connection: 'Keep-Alive' } ]
293 silly addNameRange number 2 { name: 'through', range: '>=2.3.0- <2.4.0-', hasData: true }
294 silly addNameRange versions [ 'through',
294 silly addNameRange   [ '0.0.1',
294 silly addNameRange     '0.0.2',
294 silly addNameRange     '0.0.3',
294 silly addNameRange     '0.0.4',
294 silly addNameRange     '0.1.0',
294 silly addNameRange     '0.1.1',
294 silly addNameRange     '0.1.2',
294 silly addNameRange     '0.1.3',
294 silly addNameRange     '0.1.4',
294 silly addNameRange     '1.0.0',
294 silly addNameRange     '1.1.0',
294 silly addNameRange     '1.1.1',
294 silly addNameRange     '1.1.2',
294 silly addNameRange     '2.0.0',
294 silly addNameRange     '2.1.0',
294 silly addNameRange     '2.2.0',
294 silly addNameRange     '2.2.1',
294 silly addNameRange     '2.2.2',
294 silly addNameRange     '2.2.4',
294 silly addNameRange     '2.2.5',
294 silly addNameRange     '2.2.6',
294 silly addNameRange     '2.2.7',
294 silly addNameRange     '2.3.1',
294 silly addNameRange     '2.3.2',
294 silly addNameRange     '2.3.3',
294 silly addNameRange     '2.3.4' ] ]
295 verbose addNamed [ 'through', '2.3.4' ]
296 verbose addNamed [ '2.3.4', '2.3.4' ]
297 silly lockFile 9b29f59f-through-2-3-4 through@2.3.4
298 verbose lock through@2.3.4 /Users/amy/.npm/9b29f59f-through-2-3-4.lock
299 silly lockFile 66c2675b-js-org-through-through-2-3-4-tgz https://registry.npmjs.org/through/-/through-2.3.4.tgz
300 verbose lock https://registry.npmjs.org/through/-/through-2.3.4.tgz /Users/amy/.npm/66c2675b-js-org-through-through-2-3-4-tgz.lock
301 verbose addRemoteTarball [ 'https://registry.npmjs.org/through/-/through-2.3.4.tgz',
301 verbose addRemoteTarball   '495e40e8d8a8eaebc7c275ea88c2b8fc14c56455' ]
302 info retry fetch attempt 1 at 00:06:05
303 verbose fetch to= /var/folders/vl/m71c65jn6jbf45pjv9w55p7w0000gn/T/npm-13343/1394694365353-0.12912470218725502/tmp.tgz
304 http GET https://registry.npmjs.org/through/-/through-2.3.4.tgz
305 http 200 https://registry.npmjs.org/split/-/split-0.2.10.tgz
306 verbose tar unpack /var/folders/vl/m71c65jn6jbf45pjv9w55p7w0000gn/T/npm-13343/1394694365291-0.25918223964981735/tmp.tgz
307 silly lockFile d14a1453-5291-0-25918223964981735-package /var/folders/vl/m71c65jn6jbf45pjv9w55p7w0000gn/T/npm-13343/1394694365291-0.25918223964981735/package
308 verbose lock /var/folders/vl/m71c65jn6jbf45pjv9w55p7w0000gn/T/npm-13343/1394694365291-0.25918223964981735/package /Users/amy/.npm/d14a1453-5291-0-25918223964981735-package.lock
309 silly lockFile cf045940-5291-0-25918223964981735-tmp-tgz /var/folders/vl/m71c65jn6jbf45pjv9w55p7w0000gn/T/npm-13343/1394694365291-0.25918223964981735/tmp.tgz
310 verbose lock /var/folders/vl/m71c65jn6jbf45pjv9w55p7w0000gn/T/npm-13343/1394694365291-0.25918223964981735/tmp.tgz /Users/amy/.npm/cf045940-5291-0-25918223964981735-tmp-tgz.lock
311 silly gunzTarPerm modes [ '755', '644' ]
312 silly gunzTarPerm extractEntry package.json
313 silly gunzTarPerm extractEntry .npmignore
314 silly gunzTarPerm extractEntry LICENCE
315 silly gunzTarPerm extractEntry index.js
316 silly gunzTarPerm extractEntry .travis.yml
317 silly gunzTarPerm extractEntry examples/pretty.js
318 silly gunzTarPerm extractEntry readme.markdown
319 silly gunzTarPerm extractEntry test/partitioned_unicode.js
320 silly gunzTarPerm extractEntry test/split.asynct.js
321 silly gunzTarPerm extractEntry test/try_catch.asynct.js
322 verbose read json /var/folders/vl/m71c65jn6jbf45pjv9w55p7w0000gn/T/npm-13343/1394694365291-0.25918223964981735/package/package.json
323 silly lockFile d14a1453-5291-0-25918223964981735-package /var/folders/vl/m71c65jn6jbf45pjv9w55p7w0000gn/T/npm-13343/1394694365291-0.25918223964981735/package
324 silly lockFile d14a1453-5291-0-25918223964981735-package /var/folders/vl/m71c65jn6jbf45pjv9w55p7w0000gn/T/npm-13343/1394694365291-0.25918223964981735/package
325 silly lockFile cf045940-5291-0-25918223964981735-tmp-tgz /var/folders/vl/m71c65jn6jbf45pjv9w55p7w0000gn/T/npm-13343/1394694365291-0.25918223964981735/tmp.tgz
326 silly lockFile cf045940-5291-0-25918223964981735-tmp-tgz /var/folders/vl/m71c65jn6jbf45pjv9w55p7w0000gn/T/npm-13343/1394694365291-0.25918223964981735/tmp.tgz
327 verbose from cache /var/folders/vl/m71c65jn6jbf45pjv9w55p7w0000gn/T/npm-13343/1394694365291-0.25918223964981735/package/package.json
328 verbose tar pack [ '/Users/amy/.npm/split/0.2.10/package.tgz',
328 verbose tar pack   '/var/folders/vl/m71c65jn6jbf45pjv9w55p7w0000gn/T/npm-13343/1394694365291-0.25918223964981735/package' ]
329 verbose tarball /Users/amy/.npm/split/0.2.10/package.tgz
330 verbose folder /var/folders/vl/m71c65jn6jbf45pjv9w55p7w0000gn/T/npm-13343/1394694365291-0.25918223964981735/package
331 silly lockFile d14a1453-5291-0-25918223964981735-package /var/folders/vl/m71c65jn6jbf45pjv9w55p7w0000gn/T/npm-13343/1394694365291-0.25918223964981735/package
332 verbose lock /var/folders/vl/m71c65jn6jbf45pjv9w55p7w0000gn/T/npm-13343/1394694365291-0.25918223964981735/package /Users/amy/.npm/d14a1453-5291-0-25918223964981735-package.lock
333 silly lockFile 04014269-amy-npm-split-0-2-10-package-tgz /Users/amy/.npm/split/0.2.10/package.tgz
334 verbose lock /Users/amy/.npm/split/0.2.10/package.tgz /Users/amy/.npm/04014269-amy-npm-split-0-2-10-package-tgz.lock
335 silly lockFile d14a1453-5291-0-25918223964981735-package /var/folders/vl/m71c65jn6jbf45pjv9w55p7w0000gn/T/npm-13343/1394694365291-0.25918223964981735/package
336 silly lockFile d14a1453-5291-0-25918223964981735-package /var/folders/vl/m71c65jn6jbf45pjv9w55p7w0000gn/T/npm-13343/1394694365291-0.25918223964981735/package
337 silly lockFile 04014269-amy-npm-split-0-2-10-package-tgz /Users/amy/.npm/split/0.2.10/package.tgz
338 silly lockFile 04014269-amy-npm-split-0-2-10-package-tgz /Users/amy/.npm/split/0.2.10/package.tgz
339 silly lockFile 370042fd-ers-amy-npm-split-0-2-10-package /Users/amy/.npm/split/0.2.10/package
340 verbose lock /Users/amy/.npm/split/0.2.10/package /Users/amy/.npm/370042fd-ers-amy-npm-split-0-2-10-package.lock
341 silly lockFile 370042fd-ers-amy-npm-split-0-2-10-package /Users/amy/.npm/split/0.2.10/package
342 silly lockFile 370042fd-ers-amy-npm-split-0-2-10-package /Users/amy/.npm/split/0.2.10/package
343 verbose tar unpack /Users/amy/.npm/split/0.2.10/package.tgz
344 silly lockFile 370042fd-ers-amy-npm-split-0-2-10-package /Users/amy/.npm/split/0.2.10/package
345 verbose lock /Users/amy/.npm/split/0.2.10/package /Users/amy/.npm/370042fd-ers-amy-npm-split-0-2-10-package.lock
346 silly lockFile 04014269-amy-npm-split-0-2-10-package-tgz /Users/amy/.npm/split/0.2.10/package.tgz
347 verbose lock /Users/amy/.npm/split/0.2.10/package.tgz /Users/amy/.npm/04014269-amy-npm-split-0-2-10-package-tgz.lock
348 silly gunzTarPerm modes [ '755', '644' ]
349 silly gunzTarPerm extractEntry package.json
350 silly gunzTarPerm extractEntry .npmignore
351 silly gunzTarPerm extractEntry LICENCE
352 silly gunzTarPerm extractEntry index.js
353 silly gunzTarPerm extractEntry .travis.yml
354 silly gunzTarPerm extractEntry examples/pretty.js
355 silly gunzTarPerm extractEntry readme.markdown
356 silly gunzTarPerm extractEntry test/partitioned_unicode.js
357 silly gunzTarPerm extractEntry test/split.asynct.js
358 silly gunzTarPerm extractEntry test/try_catch.asynct.js
359 verbose read json /Users/amy/.npm/split/0.2.10/package/package.json
360 silly lockFile 370042fd-ers-amy-npm-split-0-2-10-package /Users/amy/.npm/split/0.2.10/package
361 silly lockFile 370042fd-ers-amy-npm-split-0-2-10-package /Users/amy/.npm/split/0.2.10/package
362 silly lockFile 04014269-amy-npm-split-0-2-10-package-tgz /Users/amy/.npm/split/0.2.10/package.tgz
363 silly lockFile 04014269-amy-npm-split-0-2-10-package-tgz /Users/amy/.npm/split/0.2.10/package.tgz
364 http 200 https://registry.npmjs.org/through/-/through-2.3.4.tgz
365 verbose from cache /Users/amy/.npm/split/0.2.10/package/package.json
366 verbose chmod /Users/amy/.npm/split/0.2.10/package.tgz 644
367 verbose chown /Users/amy/.npm/split/0.2.10/package.tgz [ 501, 20 ]
368 silly lockFile 7fb4d2a6-npmjs-org-split-split-0-2-10-tgz https://registry.npmjs.org/split/-/split-0.2.10.tgz
369 silly lockFile 7fb4d2a6-npmjs-org-split-split-0-2-10-tgz https://registry.npmjs.org/split/-/split-0.2.10.tgz
370 silly lockFile 9296d6b5-split-0-2-10 split@0.2.10
371 silly lockFile 9296d6b5-split-0-2-10 split@0.2.10
372 verbose tar unpack /var/folders/vl/m71c65jn6jbf45pjv9w55p7w0000gn/T/npm-13343/1394694365353-0.12912470218725502/tmp.tgz
373 silly lockFile e5d8fa43-5353-0-12912470218725502-package /var/folders/vl/m71c65jn6jbf45pjv9w55p7w0000gn/T/npm-13343/1394694365353-0.12912470218725502/package
374 verbose lock /var/folders/vl/m71c65jn6jbf45pjv9w55p7w0000gn/T/npm-13343/1394694365353-0.12912470218725502/package /Users/amy/.npm/e5d8fa43-5353-0-12912470218725502-package.lock
375 silly lockFile 0267dd05-5353-0-12912470218725502-tmp-tgz /var/folders/vl/m71c65jn6jbf45pjv9w55p7w0000gn/T/npm-13343/1394694365353-0.12912470218725502/tmp.tgz
376 verbose lock /var/folders/vl/m71c65jn6jbf45pjv9w55p7w0000gn/T/npm-13343/1394694365353-0.12912470218725502/tmp.tgz /Users/amy/.npm/0267dd05-5353-0-12912470218725502-tmp-tgz.lock
377 silly lockFile 1618e0b3-split-0-2-x split@0.2.x
378 silly lockFile 1618e0b3-split-0-2-x split@0.2.x
379 silly gunzTarPerm modes [ '755', '644' ]
380 silly gunzTarPerm extractEntry package.json
381 silly gunzTarPerm extractEntry index.js
382 silly gunzTarPerm extractEntry .travis.yml
383 silly gunzTarPerm extractEntry LICENSE.APACHE2
384 silly gunzTarPerm extractEntry LICENSE.MIT
385 silly gunzTarPerm extractEntry readme.markdown
386 silly gunzTarPerm extractEntry test/auto-destroy.js
387 silly gunzTarPerm extractEntry test/buffering.js
388 silly gunzTarPerm extractEntry test/end.js
389 silly gunzTarPerm extractEntry test/index.js
390 verbose read json /var/folders/vl/m71c65jn6jbf45pjv9w55p7w0000gn/T/npm-13343/1394694365353-0.12912470218725502/package/package.json
391 silly lockFile e5d8fa43-5353-0-12912470218725502-package /var/folders/vl/m71c65jn6jbf45pjv9w55p7w0000gn/T/npm-13343/1394694365353-0.12912470218725502/package
392 silly lockFile e5d8fa43-5353-0-12912470218725502-package /var/folders/vl/m71c65jn6jbf45pjv9w55p7w0000gn/T/npm-13343/1394694365353-0.12912470218725502/package
393 silly lockFile 0267dd05-5353-0-12912470218725502-tmp-tgz /var/folders/vl/m71c65jn6jbf45pjv9w55p7w0000gn/T/npm-13343/1394694365353-0.12912470218725502/tmp.tgz
394 silly lockFile 0267dd05-5353-0-12912470218725502-tmp-tgz /var/folders/vl/m71c65jn6jbf45pjv9w55p7w0000gn/T/npm-13343/1394694365353-0.12912470218725502/tmp.tgz
395 verbose from cache /var/folders/vl/m71c65jn6jbf45pjv9w55p7w0000gn/T/npm-13343/1394694365353-0.12912470218725502/package/package.json
396 verbose tar pack [ '/Users/amy/.npm/through/2.3.4/package.tgz',
396 verbose tar pack   '/var/folders/vl/m71c65jn6jbf45pjv9w55p7w0000gn/T/npm-13343/1394694365353-0.12912470218725502/package' ]
397 verbose tarball /Users/amy/.npm/through/2.3.4/package.tgz
398 verbose folder /var/folders/vl/m71c65jn6jbf45pjv9w55p7w0000gn/T/npm-13343/1394694365353-0.12912470218725502/package
399 silly lockFile e5d8fa43-5353-0-12912470218725502-package /var/folders/vl/m71c65jn6jbf45pjv9w55p7w0000gn/T/npm-13343/1394694365353-0.12912470218725502/package
400 verbose lock /var/folders/vl/m71c65jn6jbf45pjv9w55p7w0000gn/T/npm-13343/1394694365353-0.12912470218725502/package /Users/amy/.npm/e5d8fa43-5353-0-12912470218725502-package.lock
401 silly lockFile fc8cb426-my-npm-through-2-3-4-package-tgz /Users/amy/.npm/through/2.3.4/package.tgz
402 verbose lock /Users/amy/.npm/through/2.3.4/package.tgz /Users/amy/.npm/fc8cb426-my-npm-through-2-3-4-package-tgz.lock
403 silly lockFile e5d8fa43-5353-0-12912470218725502-package /var/folders/vl/m71c65jn6jbf45pjv9w55p7w0000gn/T/npm-13343/1394694365353-0.12912470218725502/package
404 silly lockFile e5d8fa43-5353-0-12912470218725502-package /var/folders/vl/m71c65jn6jbf45pjv9w55p7w0000gn/T/npm-13343/1394694365353-0.12912470218725502/package
405 silly lockFile fc8cb426-my-npm-through-2-3-4-package-tgz /Users/amy/.npm/through/2.3.4/package.tgz
406 silly lockFile fc8cb426-my-npm-through-2-3-4-package-tgz /Users/amy/.npm/through/2.3.4/package.tgz
407 silly lockFile 428de12c-rs-amy-npm-through-2-3-4-package /Users/amy/.npm/through/2.3.4/package
408 verbose lock /Users/amy/.npm/through/2.3.4/package /Users/amy/.npm/428de12c-rs-amy-npm-through-2-3-4-package.lock
409 silly lockFile 428de12c-rs-amy-npm-through-2-3-4-package /Users/amy/.npm/through/2.3.4/package
410 silly lockFile 428de12c-rs-amy-npm-through-2-3-4-package /Users/amy/.npm/through/2.3.4/package
411 verbose tar unpack /Users/amy/.npm/through/2.3.4/package.tgz
412 silly lockFile 428de12c-rs-amy-npm-through-2-3-4-package /Users/amy/.npm/through/2.3.4/package
413 verbose lock /Users/amy/.npm/through/2.3.4/package /Users/amy/.npm/428de12c-rs-amy-npm-through-2-3-4-package.lock
414 silly lockFile fc8cb426-my-npm-through-2-3-4-package-tgz /Users/amy/.npm/through/2.3.4/package.tgz
415 verbose lock /Users/amy/.npm/through/2.3.4/package.tgz /Users/amy/.npm/fc8cb426-my-npm-through-2-3-4-package-tgz.lock
416 silly gunzTarPerm modes [ '755', '644' ]
417 silly gunzTarPerm extractEntry package.json
418 silly gunzTarPerm extractEntry index.js
419 silly gunzTarPerm extractEntry .travis.yml
420 silly gunzTarPerm extractEntry LICENSE.APACHE2
421 silly gunzTarPerm extractEntry LICENSE.MIT
422 silly gunzTarPerm extractEntry readme.markdown
423 silly gunzTarPerm extractEntry test/auto-destroy.js
424 silly gunzTarPerm extractEntry test/buffering.js
425 silly gunzTarPerm extractEntry test/end.js
426 silly gunzTarPerm extractEntry test/index.js
427 verbose read json /Users/amy/.npm/through/2.3.4/package/package.json
428 silly lockFile 428de12c-rs-amy-npm-through-2-3-4-package /Users/amy/.npm/through/2.3.4/package
429 silly lockFile 428de12c-rs-amy-npm-through-2-3-4-package /Users/amy/.npm/through/2.3.4/package
430 silly lockFile fc8cb426-my-npm-through-2-3-4-package-tgz /Users/amy/.npm/through/2.3.4/package.tgz
431 silly lockFile fc8cb426-my-npm-through-2-3-4-package-tgz /Users/amy/.npm/through/2.3.4/package.tgz
432 verbose from cache /Users/amy/.npm/through/2.3.4/package/package.json
433 verbose chmod /Users/amy/.npm/through/2.3.4/package.tgz 644
434 verbose chown /Users/amy/.npm/through/2.3.4/package.tgz [ 501, 20 ]
435 silly lockFile 66c2675b-js-org-through-through-2-3-4-tgz https://registry.npmjs.org/through/-/through-2.3.4.tgz
436 silly lockFile 66c2675b-js-org-through-through-2-3-4-tgz https://registry.npmjs.org/through/-/through-2.3.4.tgz
437 silly lockFile 9b29f59f-through-2-3-4 through@2.3.4
438 silly lockFile 9b29f59f-through-2-3-4 through@2.3.4
439 silly lockFile 40db7b34-through-2-3-x through@2.3.x
440 silly lockFile 40db7b34-through-2-3-x through@2.3.x
441 silly resolved [ { name: 'split',
441 silly resolved     version: '0.2.10',
441 silly resolved     description: 'split a Text Stream into a Line Stream',
441 silly resolved     homepage: 'http://github.com/dominictarr/split',
441 silly resolved     repository: { type: 'git', url: 'git://github.com/dominictarr/split.git' },
441 silly resolved     dependencies: { through: '2' },
441 silly resolved     devDependencies:
441 silly resolved      { asynct: '*',
441 silly resolved        'it-is': '1',
441 silly resolved        ubelt: '~2.9',
441 silly resolved        'stream-spec': '~0.2',
441 silly resolved        'event-stream': '~3.0.2' },
441 silly resolved     scripts: { test: 'asynct test/' },
441 silly resolved     author:
441 silly resolved      { name: 'Dominic Tarr',
441 silly resolved        email: 'dominic.tarr@gmail.com',
441 silly resolved        url: 'http://bit.ly/dominictarr' },
441 silly resolved     optionalDependencies: {},
441 silly resolved     engines: { node: '*' },
441 silly resolved     readme: '# Split (matcher)\n\n[![build status](https://secure.travis-ci.org/dominictarr/split.png)](http://travis-ci.org/dominictarr/split)\n\nBreak up a stream and reassemble it so that each line is a chunk. matcher may be a `String`, or a `RegExp` \n\nExample, read every line in a file ...\n\n``` js\n  fs.createReadStream(file)\n    .pipe(split())\n    .on(\'data\', function (line) {\n      //each chunk now is a seperate line!\n    })\n\n```\n\n`split` takes the same arguments as `string.split` except it defaults to \'/\\r?\\n/\' instead of \',\', and the optional `limit` paremeter is ignored.\n[String#split](https://developer.mozilla.org/en/JavaScript/Reference/Global_Objects/String/split)\n\n# NDJ - Newline Delimited Json\n\n`split` accepts a function which transforms each line.\n\n``` js\nfs.createReadStream(file)\n  .pipe(split(JSON.parse))\n  .on(\'data\', function (obj) {\n    //each chunk now is a a js object\n  })\n  .on(\'error\', function (err) {\n    //syntax errors will land here\n    //note, this ends the stream.\n  })\n```\n\n# License\n\nMIT\n',
441 silly resolved     readmeFilename: 'readme.markdown',
441 silly resolved     bugs: { url: 'https://github.com/dominictarr/split/issues' },
441 silly resolved     _id: 'split@0.2.10',
441 silly resolved     dist: { shasum: '67097c601d697ce1368f418f06cd201cf0521a57' },
441 silly resolved     _from: 'split@0.2.x',
441 silly resolved     _resolved: 'https://registry.npmjs.org/split/-/split-0.2.10.tgz' },
441 silly resolved   { name: 'through',
441 silly resolved     version: '2.3.4',
441 silly resolved     description: 'simplified stream contsruction',
441 silly resolved     main: 'index.js',
441 silly resolved     scripts: { test: 'set -e; for t in test/*.js; do node $t; done' },
441 silly resolved     devDependencies: { 'stream-spec': '~0.3.5', tape: '~0.2.2' },
441 silly resolved     keywords: [ 'stream', 'streams', 'user-streams', 'pipe' ],
441 silly resolved     author:
441 silly resolved      { name: 'Dominic Tarr',
441 silly resolved        email: 'dominic.tarr@gmail.com',
441 silly resolved        url: 'dominictarr.com' },
441 silly resolved     license: 'MIT',
441 silly resolved     repository:
441 silly resolved      { type: 'git',
441 silly resolved        url: 'https://github.com/dominictarr/through.git' },
441 silly resolved     homepage: 'http://github.com/dominictarr/through',
441 silly resolved     testling: { browsers: [Object], files: 'test/*.js' },
441 silly resolved     readme: '#through\n\n[![build status](https://secure.travis-ci.org/dominictarr/through.png)](http://travis-ci.org/dominictarr/through)\n\nEasy way to create a `Stream` that is both `readable` and `writable`. \n\n* Pass in optional `write` and `end` methods.\n* `through` takes care of pause/resume logic if you use `this.queue(data)` instead of `this.emit(\'data\', data)`.\n* Use `this.pause()` and `this.resume()` to manage flow.\n* Check `this.paused` to see current flow state. (`write` always returns `!this.paused`).\n\nThis function is the basis for most of the synchronous streams in \n[event-stream](http://github.com/dominictarr/event-stream).\n\n``` js\nvar through = require(\'through\')\n\nthrough(function write(data) {\n    this.queue(data) //data *must* not be null\n  },\n  function end () { //optional\n    this.queue(null)\n  })\n```\n\nOr, can also be used _without_ buffering on pause, use `this.emit(\'data\', data)`,\nand this.emit(\'end\')\n\n``` js\nvar through = require(\'through\')\n\nthrough(function write(data) {\n    this.emit(\'data\', data)\n    //this.pause() \n  },\n  function end () { //optional\n    this.emit(\'end\')\n  })\n```\n\n## Extended Options\n\nYou will probably not need these 99% of the time.\n\n### autoDestroy=false\n\nBy default, `through` emits close when the writable\nand readable side of the stream has ended.\nIf that is not desired, set `autoDestroy=false`.\n\n``` js\nvar through = require(\'through\')\n\n//like this\nvar ts = through(write, end, {autoDestroy: false})\n//or like this\nvar ts = through(write, end)\nts.autoDestroy = false\n```\n\n## License\n\nMIT / Apache2\n',
441 silly resolved     readmeFilename: 'readme.markdown',
441 silly resolved     bugs: { url: 'https://github.com/dominictarr/through/issues' },
441 silly resolved     _id: 'through@2.3.4',
441 silly resolved     dist: { shasum: '495e40e8d8a8eaebc7c275ea88c2b8fc14c56455' },
441 silly resolved     _from: 'through@2.3.x',
441 silly resolved     _resolved: 'https://registry.npmjs.org/through/-/through-2.3.4.tgz' } ]
442 info install split@0.2.10 into /Users/amy/fluent/schedule/right-now-at-fluent/node_modules/logfmt
443 info install through@2.3.4 into /Users/amy/fluent/schedule/right-now-at-fluent/node_modules/logfmt
444 info installOne split@0.2.10
445 info installOne through@2.3.4
446 verbose from cache /Users/amy/.npm/split/0.2.10/package/package.json
447 info /Users/amy/fluent/schedule/right-now-at-fluent/node_modules/logfmt/node_modules/split unbuild
448 verbose read json /Users/amy/fluent/schedule/right-now-at-fluent/node_modules/logfmt/node_modules/split/package.json
449 verbose from cache /Users/amy/.npm/through/2.3.4/package/package.json
450 info /Users/amy/fluent/schedule/right-now-at-fluent/node_modules/logfmt/node_modules/through unbuild
451 verbose read json /Users/amy/fluent/schedule/right-now-at-fluent/node_modules/logfmt/node_modules/through/package.json
452 verbose tar unpack /Users/amy/.npm/split/0.2.10/package.tgz
453 silly lockFile f9c1c8a7-odules-logfmt-node-modules-split /Users/amy/fluent/schedule/right-now-at-fluent/node_modules/logfmt/node_modules/split
454 verbose lock /Users/amy/fluent/schedule/right-now-at-fluent/node_modules/logfmt/node_modules/split /Users/amy/.npm/f9c1c8a7-odules-logfmt-node-modules-split.lock
455 silly lockFile 04014269-amy-npm-split-0-2-10-package-tgz /Users/amy/.npm/split/0.2.10/package.tgz
456 verbose lock /Users/amy/.npm/split/0.2.10/package.tgz /Users/amy/.npm/04014269-amy-npm-split-0-2-10-package-tgz.lock
457 verbose tar unpack /Users/amy/.npm/through/2.3.4/package.tgz
458 silly lockFile 44ff8a9b-ules-logfmt-node-modules-through /Users/amy/fluent/schedule/right-now-at-fluent/node_modules/logfmt/node_modules/through
459 verbose lock /Users/amy/fluent/schedule/right-now-at-fluent/node_modules/logfmt/node_modules/through /Users/amy/.npm/44ff8a9b-ules-logfmt-node-modules-through.lock
460 silly lockFile fc8cb426-my-npm-through-2-3-4-package-tgz /Users/amy/.npm/through/2.3.4/package.tgz
461 verbose lock /Users/amy/.npm/through/2.3.4/package.tgz /Users/amy/.npm/fc8cb426-my-npm-through-2-3-4-package-tgz.lock
462 silly gunzTarPerm modes [ '755', '644' ]
463 silly gunzTarPerm modes [ '755', '644' ]
464 silly gunzTarPerm extractEntry package.json
465 silly gunzTarPerm extractEntry package.json
466 silly gunzTarPerm extractEntry .npmignore
467 silly gunzTarPerm extractEntry LICENCE
468 silly gunzTarPerm extractEntry index.js
469 silly gunzTarPerm extractEntry .travis.yml
470 silly gunzTarPerm extractEntry index.js
471 silly gunzTarPerm extractEntry .travis.yml
472 silly gunzTarPerm extractEntry LICENSE.APACHE2
473 silly gunzTarPerm extractEntry LICENSE.MIT
474 silly gunzTarPerm extractEntry examples/pretty.js
475 silly gunzTarPerm extractEntry readme.markdown
476 silly gunzTarPerm extractEntry readme.markdown
477 silly gunzTarPerm extractEntry test/auto-destroy.js
478 silly gunzTarPerm extractEntry test/partitioned_unicode.js
479 silly gunzTarPerm extractEntry test/split.asynct.js
480 silly gunzTarPerm extractEntry test/buffering.js
481 silly gunzTarPerm extractEntry test/end.js
482 silly gunzTarPerm extractEntry test/try_catch.asynct.js
483 silly gunzTarPerm extractEntry test/index.js
484 verbose read json /Users/amy/fluent/schedule/right-now-at-fluent/node_modules/logfmt/node_modules/split/package.json
485 verbose read json /Users/amy/fluent/schedule/right-now-at-fluent/node_modules/logfmt/node_modules/through/package.json
486 silly lockFile f9c1c8a7-odules-logfmt-node-modules-split /Users/amy/fluent/schedule/right-now-at-fluent/node_modules/logfmt/node_modules/split
487 silly lockFile f9c1c8a7-odules-logfmt-node-modules-split /Users/amy/fluent/schedule/right-now-at-fluent/node_modules/logfmt/node_modules/split
488 silly lockFile 04014269-amy-npm-split-0-2-10-package-tgz /Users/amy/.npm/split/0.2.10/package.tgz
489 silly lockFile 04014269-amy-npm-split-0-2-10-package-tgz /Users/amy/.npm/split/0.2.10/package.tgz
490 silly lockFile 44ff8a9b-ules-logfmt-node-modules-through /Users/amy/fluent/schedule/right-now-at-fluent/node_modules/logfmt/node_modules/through
491 silly lockFile 44ff8a9b-ules-logfmt-node-modules-through /Users/amy/fluent/schedule/right-now-at-fluent/node_modules/logfmt/node_modules/through
492 silly lockFile fc8cb426-my-npm-through-2-3-4-package-tgz /Users/amy/.npm/through/2.3.4/package.tgz
493 silly lockFile fc8cb426-my-npm-through-2-3-4-package-tgz /Users/amy/.npm/through/2.3.4/package.tgz
494 info preinstall split@0.2.10
495 verbose from cache /Users/amy/fluent/schedule/right-now-at-fluent/node_modules/logfmt/node_modules/split/package.json
496 verbose readDependencies using package.json deps
497 verbose from cache /Users/amy/fluent/schedule/right-now-at-fluent/node_modules/logfmt/node_modules/split/package.json
498 verbose readDependencies using package.json deps
499 silly resolved []
500 verbose about to build /Users/amy/fluent/schedule/right-now-at-fluent/node_modules/logfmt/node_modules/split
501 info build /Users/amy/fluent/schedule/right-now-at-fluent/node_modules/logfmt/node_modules/split
502 verbose from cache /Users/amy/fluent/schedule/right-now-at-fluent/node_modules/logfmt/node_modules/split/package.json
503 verbose linkStuff [ false,
503 verbose linkStuff   false,
503 verbose linkStuff   false,
503 verbose linkStuff   '/Users/amy/fluent/schedule/right-now-at-fluent/node_modules/logfmt/node_modules' ]
504 info linkStuff split@0.2.10
505 verbose from cache /Users/amy/fluent/schedule/right-now-at-fluent/package.json
506 error TypeError: Object.keys called on non-object
506 error     at Function.keys (native)
506 error     at /usr/local/lib/node_modules/npm/lib/build.js:111:18
506 error     at process._tickCallback (node.js:415:13)
507 error If you need help, you may report this log at:
507 error     <http://github.com/isaacs/npm/issues>
507 error or email it to:
507 error     <npm-@googlegroups.com>
508 error System Darwin 13.1.0
509 error command "/usr/local/bin/node" "/usr/local/bin/npm" "install" "logfmt" "--save"
510 error cwd /Users/amy/fluent/schedule/right-now-at-fluent
511 error node -v v0.11.3-pre
512 error npm -v 1.2.21
513 verbose exit [ 1, true ]
